<?xml version="1.0" encoding="UTF-8"?>
<!-- Generated by org.testng.reporters.JUnitXMLReporter -->
<testsuite hostname="DESKTOP-69A82KC" ignored="4" name="LoginTest" tests="3" failures="2" timestamp="19 Jun 2021 11:54:36 GMT" time="121.328" errors="0">
  <testcase name="verifyHomePageTest" time="2.872" classname="com.jtaf.qa.test.HomePageTest">
    <failure type="java.lang.AssertionError" message="expected [Domestic and International Flights] but found [Domestic And International Flights]">
      <![CDATA[java.lang.AssertionError: expected [Domestic and International Flights] but found [Domestic And International Flights]
at com.jtaf.qa.test.HomePageTest.verifyHomePageTest(HomePageTest.java:26)
... Removed 31 stack frames]]>
    </failure>
  </testcase> <!-- verifyHomePageTest -->
  <testcase name="verifyTicketBookingPageTest" time="0.031" classname="com.jtaf.qa.test.TicketBookingPageTest">
    <failure type="java.lang.AssertionError" message="expected [Book Cheap Flights, Air Tickets, Hotels, Bus &amp;amp; Holiday Package at Goibibo] but found [Goibibo - Best Travel Website. Book Hotels, Flights, Trains, Bus and Cabs with upto 50% off]">
      <![CDATA[java.lang.AssertionError: expected [Book Cheap Flights, Air Tickets, Hotels, Bus & Holiday Package at Goibibo] but found [Goibibo - Best Travel Website. Book Hotels, Flights, Trains, Bus and Cabs with upto 50% off]
at com.jtaf.qa.test.TicketBookingPageTest.verifyTicketBookingPageTest(TicketBookingPageTest.java:24)
... Removed 31 stack frames]]>
    </failure>
  </testcase> <!-- verifyTicketBookingPageTest -->
  <testcase name="verifyTicketDetailsTest" time="30.152" classname="com.jtaf.qa.test.TicketDetailsPageTest"/>
  <testcase name="@AfterSuite exit" time="0.0" classname="com.jtaf.qa.test.BaseTest">
    <ignored/>
  </testcase> <!-- @AfterSuite exit -->
  <testcase name="@AfterSuite exit" time="0.0" classname="com.jtaf.qa.test.BaseTest">
    <ignored/>
  </testcase> <!-- @AfterSuite exit -->
  <testcase name="@BeforeSuite init" time="0.0" classname="com.jtaf.qa.test.BaseTest">
    <ignored/>
  </testcase> <!-- @BeforeSuite init -->
  <testcase name="@BeforeSuite init" time="0.0" classname="com.jtaf.qa.test.BaseTest">
    <ignored/>
  </testcase> <!-- @BeforeSuite init -->
</testsuite> <!-- LoginTest -->
