<?xml version="1.0" encoding="UTF-8"?>
<!-- Generated by org.testng.reporters.JUnitXMLReporter -->
<testsuite hostname="DESKTOP-69A82KC" ignored="0" name="LoginTest" tests="1" failures="1" timestamp="30 Jun 2021 04:38:44 GMT" time="45.469" errors="0">
  <testcase name="runScenario" time="37.633" classname="io.cucumber.testng.AbstractTestNGCucumberTests">
    <failure type="java.lang.AssertionError" message="expected [Book Cheap Flights, Air Tickets, Hotels, Bus &amp;amp; Holiday Package at Goibibo] but found [Goibibo - Best Travel Website. Book Hotels, Flights, Trains, Bus and Cabs with upto 50% off]">
      <![CDATA[java.lang.AssertionError: expected [Book Cheap Flights, Air Tickets, Hotels, Bus & Holiday Package at Goibibo] but found [Goibibo - Best Travel Website. Book Hotels, Flights, Trains, Bus and Cabs with upto 50% off]
at com.jtaf.qa.test.GoibiboSiteTest.enterBookingDetails(GoibiboSiteTest.java:23)
at com.jtaf.qa.steps.GoibiboSiteStepDefinitions.user_enter_travel_details_and_enter_search(GoibiboSiteStepDefinitions.java:33)
at ✽.user enter travel details "from.location" "to.location" "travel.class" "travel.month" "travel.day" and enter search(file:///D:/ECLIPSE_ENV/Workspace/SeleniumJavaCucumberTestNG/src/test/resources/features/VerifyUserAbleToBookAndViewTicketDetails.feature:8)
... Removed 6 stack frames]]>
    </failure>
  </testcase> <!-- runScenario -->
</testsuite> <!-- LoginTest -->
