<?xml version="1.0" encoding="UTF-8"?>
<testng-results ignored="0" total="1" passed="1" failed="0" skipped="0">
  <reporter-output>
    <line>
      <![CDATA[The LoginTest test is started]]>
    </line>
    <line>
      <![CDATA[The runScenario test is started]]>
    </line>
    <line>
      <![CDATA[The runScenario test passed]]>
    </line>
    <line>
      <![CDATA[<a href='D:\Eclipse_Env\Workspace\SeleniumJavaCucumberTestNG\src\test\resources\screenshots\success\runScenario_30_08_2021_06_56_38.png'> <img src='D:\Eclipse_Env\Workspace\SeleniumJavaCucumberTestNG\src\test\resources\screenshots\success\runScenario_30_08_2021_06_56_38.png' height='100' width='100'/></a>]]>
    </line>
  </reporter-output>
  <suite started-at="2021-08-30T13:26:22Z" name="testNGSuite" finished-at="2021-08-30T13:26:44Z" duration-ms="21609">
    <groups>
      <group name="cucumber">
        <method signature="AbstractTestNGCucumberTests.runScenario(io.cucumber.testng.PickleWrapper, io.cucumber.testng.FeatureWrapper)[pri:0, instance:com.jtaf.qa.runner.TestRunner@333d4a8c]" name="runScenario" class="io.cucumber.testng.AbstractTestNGCucumberTests"/>
      </group> <!-- cucumber -->
    </groups>
    <test started-at="2021-08-30T13:26:22Z" name="LoginTest" finished-at="2021-08-30T13:26:44Z" duration-ms="21609">
      <class name="com.jtaf.qa.runner.TestRunner">
        <test-method is-config="true" signature="setUpClass()[pri:0, instance:com.jtaf.qa.runner.TestRunner@333d4a8c]" started-at="2021-08-30T13:26:23Z" name="setUpClass" finished-at="2021-08-30T13:26:24Z" duration-ms="894" status="PASS">
          <reporter-output>
          </reporter-output>
        </test-method> <!-- setUpClass -->
        <test-method signature="runScenario(io.cucumber.testng.PickleWrapper, io.cucumber.testng.FeatureWrapper)[pri:0, instance:com.jtaf.qa.runner.TestRunner@333d4a8c]" started-at="2021-08-30T13:26:24Z" name="runScenario" description="Runs Cucumber Scenarios" data-provider="scenarios" finished-at="2021-08-30T13:26:38Z" duration-ms="14027" status="PASS">
          <params>
            <param index="0">
              <value>
                <![CDATA["Verify user is able to launch Goibibo site"]]>
              </value>
            </param>
            <param index="1">
              <value>
                <![CDATA["Optional[Goibibo Launch]"]]>
              </value>
            </param>
          </params>
          <reporter-output>
            <line>
              <![CDATA[The runScenario test is started]]>
            </line>
            <line>
              <![CDATA[The runScenario test passed]]>
            </line>
            <line>
              <![CDATA[<a href='D:\Eclipse_Env\Workspace\SeleniumJavaCucumberTestNG\src\test\resources\screenshots\success\runScenario_30_08_2021_06_56_38.png'> <img src='D:\Eclipse_Env\Workspace\SeleniumJavaCucumberTestNG\src\test\resources\screenshots\success\runScenario_30_08_2021_06_56_38.png' height='100' width='100'/></a>]]>
            </line>
          </reporter-output>
        </test-method> <!-- runScenario -->
        <test-method is-config="true" signature="tearDownClass()[pri:0, instance:com.jtaf.qa.runner.TestRunner@333d4a8c]" started-at="2021-08-30T13:26:39Z" name="tearDownClass" finished-at="2021-08-30T13:26:44Z" duration-ms="5491" status="PASS">
          <reporter-output>
          </reporter-output>
        </test-method> <!-- tearDownClass -->
      </class> <!-- com.jtaf.qa.runner.TestRunner -->
    </test> <!-- LoginTest -->
  </suite> <!-- testNGSuite -->
</testng-results>
